<?xml version="1.0" encoding="UTF-8"?>
<testsuite name="com.stehno.vanilla.transform.LazyImmutableTransformSpec" tests="7" skipped="0" failures="0" errors="0" timestamp="2015-10-23T17:24:55" hostname="RSNPLALT285" time="1.175">
  <properties/>
  <testcase name="simple original object usage" classname="com.stehno.vanilla.transform.LazyImmutableTransformSpec" time="0.72"/>
  <testcase name="simple immutable object usage" classname="com.stehno.vanilla.transform.LazyImmutableTransformSpec" time="0.071"/>
  <testcase name="simple usage with builder" classname="com.stehno.vanilla.transform.LazyImmutableTransformSpec" time="0.085"/>
  <testcase name="immutable with known immutable (class)" classname="com.stehno.vanilla.transform.LazyImmutableTransformSpec" time="0.096"/>
  <testcase name="immutable with known immutable (property)" classname="com.stehno.vanilla.transform.LazyImmutableTransformSpec" time="0.072"/>
  <testcase name="copyWith usage" classname="com.stehno.vanilla.transform.LazyImmutableTransformSpec" time="0.073"/>
  <testcase name="equality" classname="com.stehno.vanilla.transform.LazyImmutableTransformSpec" time="0.057"/>
  <system-out><![CDATA[]]></system-out>
  <system-err><![CDATA[]]></system-err>
</testsuite>
