<?xml version="1.0" encoding="UTF-8"?>
<testsuite name="com.stehno.vanilla.test.jdbc.MockClobSpec" tests="14" skipped="0" failures="0" errors="0" timestamp="2015-10-23T17:24:54" hostname="RSNPLALT285" time="0.072">
  <properties/>
  <testcase name="length &amp; truncate" classname="com.stehno.vanilla.test.jdbc.MockClobSpec" time="0.011"/>
  <testcase name="getSubString(1, 28)" classname="com.stehno.vanilla.test.jdbc.MockClobSpec" time="0.005"/>
  <testcase name="getSubString(4, 5)" classname="com.stehno.vanilla.test.jdbc.MockClobSpec" time="0.0"/>
  <testcase name="getSubString(21, 8)" classname="com.stehno.vanilla.test.jdbc.MockClobSpec" time="0.0"/>
  <testcase name="position: String" classname="com.stehno.vanilla.test.jdbc.MockClobSpec" time="0.003"/>
  <testcase name="position: Clob" classname="com.stehno.vanilla.test.jdbc.MockClobSpec" time="0.001"/>
  <testcase name="characterStream" classname="com.stehno.vanilla.test.jdbc.MockClobSpec" time="0.006"/>
  <testcase name="characterStream: freed" classname="com.stehno.vanilla.test.jdbc.MockClobSpec" time="0.005"/>
  <testcase name="getCharacterStream(long, long)" classname="com.stehno.vanilla.test.jdbc.MockClobSpec" time="0.0"/>
  <testcase name="asciiStream" classname="com.stehno.vanilla.test.jdbc.MockClobSpec" time="0.004"/>
  <testcase name="setString" classname="com.stehno.vanilla.test.jdbc.MockClobSpec" time="0.002"/>
  <testcase name="setString: with offset" classname="com.stehno.vanilla.test.jdbc.MockClobSpec" time="0.0"/>
  <testcase name="setAsciiStream" classname="com.stehno.vanilla.test.jdbc.MockClobSpec" time="0.014"/>
  <testcase name="setCharacterStream" classname="com.stehno.vanilla.test.jdbc.MockClobSpec" time="0.017"/>
  <system-out><![CDATA[]]></system-out>
  <system-err><![CDATA[]]></system-err>
</testsuite>
