<?xml version="1.0" encoding="UTF-8"?>
<testsuite name="com.stehno.vanilla.io.DirectoryDifferenceCollectorTest" tests="2" skipped="0" failures="0" errors="0" timestamp="2015-10-23T17:24:52" hostname="RSNPLALT285" time="0.485">
  <properties/>
  <testcase name="ensure symmetry" classname="com.stehno.vanilla.io.DirectoryDifferenceCollectorTest" time="0.454"/>
  <testcase name="general usage" classname="com.stehno.vanilla.io.DirectoryDifferenceCollectorTest" time="0.031"/>
  <system-out><![CDATA[]]></system-out>
  <system-err><![CDATA[]]></system-err>
</testsuite>
