<?xml version="1.0" encoding="UTF-8"?>
<testsuite name="com.stehno.vanilla.io.FileSetTest" tests="15" skipped="0" failures="0" errors="0" timestamp="2015-10-23T17:24:52" hostname="RSNPLALT285" time="0.387">
  <properties/>
  <testcase name="dir: as string with filter" classname="com.stehno.vanilla.io.FileSetTest" time="0.06"/>
  <testcase name="file: as string" classname="com.stehno.vanilla.io.FileSetTest" time="0.016"/>
  <testcase name="dirs: as string with filter" classname="com.stehno.vanilla.io.FileSetTest" time="0.03"/>
  <testcase name="dirs: as file" classname="com.stehno.vanilla.io.FileSetTest" time="0.022"/>
  <testcase name="file: as file" classname="com.stehno.vanilla.io.FileSetTest" time="0.019"/>
  <testcase name="dirs: as file with filter" classname="com.stehno.vanilla.io.FileSetTest" time="0.023"/>
  <testcase name="files: both types" classname="com.stehno.vanilla.io.FileSetTest" time="0.018"/>
  <testcase name="merging filesets" classname="com.stehno.vanilla.io.FileSetTest" time="0.029"/>
  <testcase name="dirs: as string" classname="com.stehno.vanilla.io.FileSetTest" time="0.021"/>
  <testcase name="dir: as string" classname="com.stehno.vanilla.io.FileSetTest" time="0.016"/>
  <testcase name="empty" classname="com.stehno.vanilla.io.FileSetTest" time="0.02"/>
  <testcase name="dir: as file with filter" classname="com.stehno.vanilla.io.FileSetTest" time="0.024"/>
  <testcase name="immutability" classname="com.stehno.vanilla.io.FileSetTest" time="0.032"/>
  <testcase name="dir: as file" classname="com.stehno.vanilla.io.FileSetTest" time="0.018"/>
  <testcase name="file: non-existant" classname="com.stehno.vanilla.io.FileSetTest" time="0.033"/>
  <system-out><![CDATA[]]></system-out>
  <system-err><![CDATA[]]></system-err>
</testsuite>
