<?xml version="1.0" encoding="UTF-8"?>
<testsuite name="com.stehno.vanilla.overlap.ComparableLobeSpec" tests="12" skipped="0" failures="0" errors="0" timestamp="2015-10-23T17:24:53" hostname="RSNPLALT285" time="0.076">
  <properties/>
  <testcase name="overlap: simple[0]" classname="com.stehno.vanilla.overlap.ComparableLobeSpec" time="0.02"/>
  <testcase name="overlap: simple[1]" classname="com.stehno.vanilla.overlap.ComparableLobeSpec" time="0.003"/>
  <testcase name="overlap: simple[2]" classname="com.stehno.vanilla.overlap.ComparableLobeSpec" time="0.007"/>
  <testcase name="overlap: simple[3]" classname="com.stehno.vanilla.overlap.ComparableLobeSpec" time="0.008"/>
  <testcase name="overlap: simple[4]" classname="com.stehno.vanilla.overlap.ComparableLobeSpec" time="0.001"/>
  <testcase name="overlap: simple[5]" classname="com.stehno.vanilla.overlap.ComparableLobeSpec" time="0.006"/>
  <testcase name="overlap: simple[6]" classname="com.stehno.vanilla.overlap.ComparableLobeSpec" time="0.002"/>
  <testcase name="overlap: simple[7]" classname="com.stehno.vanilla.overlap.ComparableLobeSpec" time="0.009"/>
  <testcase name="overlap: simple[8]" classname="com.stehno.vanilla.overlap.ComparableLobeSpec" time="0.003"/>
  <testcase name="overlap: simple[9]" classname="com.stehno.vanilla.overlap.ComparableLobeSpec" time="0.003"/>
  <testcase name="overlap: simple[10]" classname="com.stehno.vanilla.overlap.ComparableLobeSpec" time="0.001"/>
  <testcase name="overlap: with any" classname="com.stehno.vanilla.overlap.ComparableLobeSpec" time="0.005"/>
  <system-out><![CDATA[]]></system-out>
  <system-err><![CDATA[]]></system-err>
</testsuite>
