<?xml version="1.0" encoding="UTF-8"?>
<testsuite name="com.stehno.vanilla.transform.MapperTransformSpec" tests="7" skipped="0" failures="0" errors="0" timestamp="2015-10-23T17:24:56" hostname="RSNPLALT285" time="0.526">
  <properties/>
  <testcase name="simple usage as method" classname="com.stehno.vanilla.transform.MapperTransformSpec" time="0.129"/>
  <testcase name="simple collector usage as method" classname="com.stehno.vanilla.transform.MapperTransformSpec" time="0.069"/>
  <testcase name="simple usage as method (with nulls)" classname="com.stehno.vanilla.transform.MapperTransformSpec" time="0.058"/>
  <testcase name="simple usage as method (closure args)" classname="com.stehno.vanilla.transform.MapperTransformSpec" time="0.065"/>
  <testcase name="nested usage (as method)" classname="com.stehno.vanilla.transform.MapperTransformSpec" time="0.088"/>
  <testcase name="simple usage as field" classname="com.stehno.vanilla.transform.MapperTransformSpec" time="0.057"/>
  <testcase name="simple usage as property" classname="com.stehno.vanilla.transform.MapperTransformSpec" time="0.059"/>
  <system-out><![CDATA[com.stehno.vanilla.mapper.FooObject(name:q2j9b4wf6k, age:34, startDate:10/23/2015, birthDate:2015-10-23, percentage:0.59389067, child:null)
com.stehno.vanilla.mapper.BarObject(name:q2j9b4wf6k, years:34, startDate:Fri Dec 21 00:00:00 CST 2012, birthday:12/21/2012, rate:null, descendent:null)
com.stehno.vanilla.mapper.FooObject(name:aeir6yyfqhy6w2, age:28, startDate:10/23/2015, birthDate:2015-10-23, percentage:0.9042163, child:null)
com.stehno.vanilla.mapper.BarObject(name:aeir6yyfqhy6w2, years:28, startDate:Fri Oct 23 00:00:00 CDT 2015, birthday:20151023, rate:null, descendent:null)
com.stehno.vanilla.mapper.FooObject(name:lvkxdmjvki8, age:27, startDate:10/23/2015, birthDate:2015-10-23, percentage:0.3079359, child:null)
com.stehno.vanilla.mapper.BarObject(name:lvkxdmjvki8, years:27, startDate:Fri Oct 23 00:00:00 CDT 2015, birthday:20151023, rate:null, descendent:null)
]]></system-out>
  <system-err><![CDATA[]]></system-err>
</testsuite>
