<?xml version="1.0" encoding="UTF-8"?>
<testsuite name="com.stehno.vanilla.test.AssertionsSpec" tests="6" skipped="0" failures="0" errors="0" timestamp="2015-10-23T17:24:54" hostname="RSNPLALT285" time="0.083">
  <properties/>
  <testcase name="equals &amp; hashCode: passing" classname="com.stehno.vanilla.test.AssertionsSpec" time="0.044"/>
  <testcase name="equals &amp; hashCode: failing" classname="com.stehno.vanilla.test.AssertionsSpec" time="0.013"/>
  <testcase name="assertToday: passing" classname="com.stehno.vanilla.test.AssertionsSpec" time="0.003"/>
  <testcase name="assertToday: failing" classname="com.stehno.vanilla.test.AssertionsSpec" time="0.009"/>
  <testcase name="assertMatches: passing" classname="com.stehno.vanilla.test.AssertionsSpec" time="0.007"/>
  <testcase name="assertMatches: failing" classname="com.stehno.vanilla.test.AssertionsSpec" time="0.006"/>
  <system-out><![CDATA[]]></system-out>
  <system-err><![CDATA[]]></system-err>
</testsuite>
