<?xml version="1.0" encoding="UTF-8"?>
<testsuite name="com.stehno.vanilla.overlap.OverlappableTraitSpec" tests="2" skipped="0" failures="0" errors="0" timestamp="2015-10-23T17:24:54" hostname="RSNPLALT285" time="0.071">
  <properties/>
  <testcase name="overlaps: positive" classname="com.stehno.vanilla.overlap.OverlappableTraitSpec" time="0.051"/>
  <testcase name="overlaps: negative" classname="com.stehno.vanilla.overlap.OverlappableTraitSpec" time="0.02"/>
  <system-out><![CDATA[]]></system-out>
  <system-err><![CDATA[]]></system-err>
</testsuite>
