<?xml version="1.0" encoding="UTF-8"?>
<testsuite name="com.stehno.vanilla.jdbc.ResultSetMapperFactorySpec" tests="1" skipped="0" failures="0" errors="0" timestamp="2015-10-23T17:24:53" hostname="RSNPLALT285" time="0.213">
  <properties/>
  <testcase name="mapper: Implicit" classname="com.stehno.vanilla.jdbc.ResultSetMapperFactorySpec" time="0.213"/>
  <system-out><![CDATA[]]></system-out>
  <system-err><![CDATA[]]></system-err>
</testsuite>
